<?xml version="1.0" encoding="UTF-8"?>
<!-- Generated by org.testng.reporters.JUnitXMLReporter -->
<testsuite hostname="LAPTOP-TPKQR813" name="Test" tests="1" failures="0" timestamp="16 Apr 2022 06:59:49 GMT" time="1.126" errors="0">
  <testcase name="@BeforeClass launchBrowser" time="0.0" classname="flip.drivers">
    <failure type="org.testng.TestNGException" message="
Method launchBrowser requires 1 parameters but 0 were supplied in the @Configuration annotation.">
      <![CDATA[org.testng.TestNGException: 
Method launchBrowser requires 1 parameters but 0 were supplied in the @Configuration annotation.
... Removed 22 stack frames]]>
    </failure>
  </testcase> <!-- @BeforeClass launchBrowser -->
  <testcase name="@AfterClass closedBrowser" time="0.0" classname="flip.drivers">
    <skipped/>
  </testcase> <!-- @AfterClass closedBrowser -->
  <testcase name="launchUrl" time="0.009" classname="flip.drivers">
    <skipped/>
  </testcase> <!-- launchUrl -->
</testsuite> <!-- Test -->
